<?xml version="1.0" encoding="UTF-8"?>
<testsuite xmlns:xsi="http://www.w3.org/2001/XMLSchema-instance" xsi:noNamespaceSchemaLocation="https://maven.apache.org/surefire/maven-surefire-plugin/xsd/surefire-test-report.xsd" name="TestSuite" time="0.924" tests="18" errors="0" skipped="0" failures="1">
  <properties>
    <property name="sun.desktop" value="windows"/>
    <property name="awt.toolkit" value="sun.awt.windows.WToolkit"/>
    <property name="file.encoding.pkg" value="sun.io"/>
    <property name="java.specification.version" value="1.8"/>
    <property name="sun.cpu.isalist" value="amd64"/>
    <property name="sun.jnu.encoding" value="Cp1251"/>
    <property name="java.class.path" value="C:\Users\dakyko.alexander\IdeaProjects\ZADA4KI\repoZada4ki\target\test-classes;C:\Users\dakyko.alexander\IdeaProjects\ZADA4KI\repoZada4ki\target\classes;C:\Users\dakyko.alexander\.m2\repository\org\testng\testng\6.14.2\testng-6.14.2.jar;C:\Users\dakyko.alexander\.m2\repository\com\beust\jcommander\1.72\jcommander-1.72.jar;C:\Users\dakyko.alexander\.m2\repository\org\apache-extras\beanshell\bsh\2.0b6\bsh-2.0b6.jar;C:\Users\dakyko.alexander\.m2\repository\org\apache\maven\surefire\surefire-testng-utils\2.21.0\surefire-testng-utils-2.21.0.jar;C:\Users\dakyko.alexander\.m2\repository\org\apache\maven\surefire\surefire-grouper\2.21.0\surefire-grouper-2.21.0.jar;"/>
    <property name="java.vm.vendor" value="Oracle Corporation"/>
    <property name="sun.arch.data.model" value="64"/>
    <property name="user.variant" value=""/>
    <property name="java.vendor.url" value="http://java.oracle.com/"/>
    <property name="user.timezone" value=""/>
    <property name="java.vm.specification.version" value="1.8"/>
    <property name="os.name" value="Windows 7"/>
    <property name="user.country" value="RU"/>
    <property name="sun.java.launcher" value="SUN_STANDARD"/>
    <property name="sun.boot.library.path" value="C:\Program Files\Java\jdk1.8.0_161\jre\bin"/>
    <property name="sun.java.command" value="C:\Users\DAKYKO~1.ALE\AppData\Local\Temp\surefire6857334793325537578\surefirebooter6700424704821695545.jar C:\Users\dakyko.alexander\AppData\Local\Temp\surefire6857334793325537578 2018-04-12T13-56-05_875-jvmRun1 surefire5262051453470047986tmp surefire_06309661464795539342tmp"/>
    <property name="surefire.test.class.path" value="C:\Users\dakyko.alexander\IdeaProjects\ZADA4KI\repoZada4ki\target\test-classes;C:\Users\dakyko.alexander\IdeaProjects\ZADA4KI\repoZada4ki\target\classes;C:\Users\dakyko.alexander\.m2\repository\org\testng\testng\6.14.2\testng-6.14.2.jar;C:\Users\dakyko.alexander\.m2\repository\com\beust\jcommander\1.72\jcommander-1.72.jar;C:\Users\dakyko.alexander\.m2\repository\org\apache-extras\beanshell\bsh\2.0b6\bsh-2.0b6.jar;C:\Users\dakyko.alexander\.m2\repository\org\apache\maven\surefire\surefire-testng-utils\2.21.0\surefire-testng-utils-2.21.0.jar;C:\Users\dakyko.alexander\.m2\repository\org\apache\maven\surefire\surefire-grouper\2.21.0\surefire-grouper-2.21.0.jar;"/>
    <property name="sun.cpu.endian" value="little"/>
    <property name="user.home" value="C:\Users\dakyko.alexander"/>
    <property name="user.language" value="ru"/>
    <property name="java.specification.vendor" value="Oracle Corporation"/>
    <property name="java.home" value="C:\Program Files\Java\jdk1.8.0_161\jre"/>
    <property name="basedir" value="C:\Users\dakyko.alexander\IdeaProjects\ZADA4KI\repoZada4ki"/>
    <property name="file.separator" value="\"/>
    <property name="line.separator" value="&#10;"/>
    <property name="java.vm.specification.vendor" value="Oracle Corporation"/>
    <property name="java.specification.name" value="Java Platform API Specification"/>
    <property name="java.awt.graphicsenv" value="sun.awt.Win32GraphicsEnvironment"/>
    <property name="surefire.real.class.path" value="C:\Users\DAKYKO~1.ALE\AppData\Local\Temp\surefire6857334793325537578\surefirebooter6700424704821695545.jar"/>
    <property name="sun.boot.class.path" value="C:\Program Files\Java\jdk1.8.0_161\jre\lib\resources.jar;C:\Program Files\Java\jdk1.8.0_161\jre\lib\rt.jar;C:\Program Files\Java\jdk1.8.0_161\jre\lib\sunrsasign.jar;C:\Program Files\Java\jdk1.8.0_161\jre\lib\jsse.jar;C:\Program Files\Java\jdk1.8.0_161\jre\lib\jce.jar;C:\Program Files\Java\jdk1.8.0_161\jre\lib\charsets.jar;C:\Program Files\Java\jdk1.8.0_161\jre\lib\jfr.jar;C:\Program Files\Java\jdk1.8.0_161\jre\classes"/>
    <property name="user.script" value=""/>
    <property name="sun.management.compiler" value="HotSpot 64-Bit Tiered Compilers"/>
    <property name="java.runtime.version" value="1.8.0_161-b12"/>
    <property name="user.name" value="dakyko.alexander"/>
    <property name="path.separator" value=";"/>
    <property name="os.version" value="6.1"/>
    <property name="java.endorsed.dirs" value="C:\Program Files\Java\jdk1.8.0_161\jre\lib\endorsed"/>
    <property name="java.runtime.name" value="Java(TM) SE Runtime Environment"/>
    <property name="file.encoding" value="Cp1251"/>
    <property name="java.vm.name" value="Java HotSpot(TM) 64-Bit Server VM"/>
    <property name="localRepository" value="C:\Users\dakyko.alexander\.m2\repository"/>
    <property name="java.vendor.url.bug" value="http://bugreport.sun.com/bugreport/"/>
    <property name="java.io.tmpdir" value="C:\Users\DAKYKO~1.ALE\AppData\Local\Temp\"/>
    <property name="idea.version" value="2017.3.4"/>
    <property name="java.version" value="1.8.0_161"/>
    <property name="user.dir" value="C:\Users\dakyko.alexander\IdeaProjects\ZADA4KI\repoZada4ki"/>
    <property name="os.arch" value="amd64"/>
    <property name="java.vm.specification.name" value="Java Virtual Machine Specification"/>
    <property name="java.awt.printerjob" value="sun.awt.windows.WPrinterJob"/>
    <property name="sun.os.patch.level" value="Service Pack 1"/>
    <property name="java.library.path" value="C:\Program Files\Java\jdk1.8.0_161\jre\bin;C:\Windows\Sun\Java\bin;C:\Windows\system32;C:\Windows;C:\ProgramData\Oracle\Java\javapath;C:\Windows\system32;C:\Windows;C:\Windows\System32\Wbem;C:\Windows\System32\WindowsPowerShell\v1.0\;C:\Program Files (x86)\Skype\Phone\;C:\Program Files (x86)\Lua\5.1;C:\Program Files (x86)\Lua\5.1\clibs;C:\Program Files\Git\cmd;C:\Program Files\TortoiseGit\bin;C:\Program Files\Microsoft SQL Server\120\Tools\Binn\;C:\Program Files\Microsoft SQL Server\Client SDK\ODBC\110\Tools\Binn\;C:\Program Files (x86)\Microsoft SQL Server\120\Tools\Binn\;C:\Program Files\Microsoft SQL Server\120\DTS\Binn\;C:\Program Files (x86)\Microsoft SQL Server\120\Tools\Binn\ManagementStudio\;C:\Program Files (x86)\Microsoft SQL Server\120\DTS\Binn\;C:\ProgramData\Oracle\Java\javapath;C:\Windows\system32;C:\Windows;C:\Windows\System32\Wbem;C:\Windows\System32\WindowsPowerShell\v1.0\;C:\Program Files (x86)\Skype\Phone\;C:\Program Files (x86)\Lua\5.1;C:\Program Files (x86)\Lua\5.1\clibs;C:\Program Files\Git\cmd;C:\Program Files\TortoiseGit\bin;C:\Program Files\Microsoft SQL Server\120\Tools\Binn\;C:\Program Files\Microsoft SQL Server\Client SDK\ODBC\110\Tools\Binn\;C:\Program Files (x86)\Microsoft SQL Server\120\Tools\Binn\;C:\Program Files\Microsoft SQL Server\120\DTS\Binn\;C:\Program Files (x86)\Microsoft SQL Server\120\Tools\Binn\ManagementStudio\;C:\Program Files (x86)\Microsoft SQL Server\120\DTS\Binn\;C:\Users\dakyko.alexander\AppData\Local\Turbo\Cmd\;."/>
    <property name="java.vm.info" value="mixed mode"/>
    <property name="java.vendor" value="Oracle Corporation"/>
    <property name="java.vm.version" value="25.161-b12"/>
    <property name="java.ext.dirs" value="C:\Program Files\Java\jdk1.8.0_161\jre\lib\ext;C:\Windows\Sun\Java\lib\ext"/>
    <property name="sun.io.unicode.encoding" value="UnicodeLittle"/>
    <property name="java.class.version" value="52.0"/>
  </properties>
  <testcase name="test2" classname="company.SmokeTest" time="0.001"/>
  <testcase name="checkThreads" classname="company.SmokeTest" time="0"/>
  <testcase name="checkThreads" classname="company.SmokeTest" time="0.001"/>
  <testcase name="checkThreads" classname="company.SmokeTest" time="0.001"/>
  <testcase name="checkThreads" classname="company.SmokeTest" time="0"/>
  <testcase name="checkThreads" classname="company.SmokeTest" time="0"/>
  <testcase name="checkThreads" classname="company.SmokeTest" time="0"/>
  <testcase name="checkThreads" classname="company.SmokeTest" time="0"/>
  <testcase name="checkThreads" classname="company.SmokeTest" time="0"/>
  <testcase name="checkThreads" classname="company.SmokeTest" time="0.001"/>
  <testcase name="checkThreads" classname="company.SmokeTest" time="0"/>
  <testcase name="test1" classname="company.SmokeTest" time="0.001">
    <failure message="expected [3] but found [2]" type="java.lang.AssertionError">java.lang.AssertionError: expected [3] but found [2]
	at company.SmokeTest.test1(SmokeTest.java:54)
</failure>
  </testcase>
  <testcase name="method1" classname="company.SmokeTest" time="0"/>
  <testcase name="method2" classname="company.SmokeTest" time="0"/>
  <testcase name="method3" classname="company.SmokeTest" time="0"/>
  <testcase name="errorMethod" classname="company.SmokeTest" time="0"/>
  <testcase name="dependOnMethod1" classname="company.SmokeTest" time="0"/>
  <testcase name="dependsOnGroup1" classname="company.SmokeTest" time="0"/>
</testsuite>